c:\users\isaac lopes\source\repos\project1\project1\debug\vc141.pdb
c:\users\isaac lopes\source\repos\project1\project1\debug\vc141.idb
c:\users\isaac lopes\source\repos\project1\project1\debug\game.obj
c:\users\isaac lopes\source\repos\project1\project1\debug\main.obj
c:\users\isaac lopes\source\repos\project1\project1\debug\loader.obj
c:\users\isaac lopes\source\repos\project1\project1\debug\rawmodel.obj
c:\users\isaac lopes\source\repos\project1\project1\debug\renderer.obj
c:\users\isaac lopes\source\repos\project1\project1\debug\shaderprogram.obj
c:\users\isaac lopes\source\repos\project1\project1\debug\staticshader.obj
c:\users\isaac lopes\source\repos\project1\project1\debug\texture.obj
c:\users\isaac lopes\source\repos\project1\project1\debug\texturedmodel.obj
c:\users\isaac lopes\source\repos\project1\project1\debug\modeltexture.obj
c:\users\isaac lopes\source\repos\project1\project1\debug\gameobject.obj
c:\users\isaac lopes\source\repos\project1\project1\debug\maths.obj
c:\users\isaac lopes\source\repos\project1\project1\debug\camera.obj
c:\users\isaac lopes\source\repos\project1\project1\debug\objloader.obj
c:\users\isaac lopes\documents\openglopinho\project1\debug\vc141.pdb
c:\users\isaac lopes\documents\openglopinho\project1\debug\vc141.idb
c:\users\isaac lopes\documents\openglopinho\project1\debug\camera.obj
c:\users\isaac lopes\documents\openglopinho\project1\debug\game.obj
c:\users\isaac lopes\documents\openglopinho\project1\debug\gameobject.obj
c:\users\isaac lopes\documents\openglopinho\project1\debug\loader.obj
c:\users\isaac lopes\documents\openglopinho\project1\debug\main.obj
c:\users\isaac lopes\documents\openglopinho\project1\debug\maths.obj
c:\users\isaac lopes\documents\openglopinho\project1\debug\objloader.obj
c:\users\isaac lopes\documents\openglopinho\project1\debug\rawmodel.obj
c:\users\isaac lopes\documents\openglopinho\project1\debug\renderer.obj
c:\users\isaac lopes\documents\openglopinho\project1\debug\shaderprogram.obj
c:\users\isaac lopes\documents\openglopinho\project1\debug\staticshader.obj
c:\users\isaac lopes\documents\openglopinho\project1\debug\modeltexture.obj
c:\users\isaac lopes\documents\openglopinho\project1\debug\texturedmodel.obj
c:\users\isaac lopes\documents\openglopinho\project1\debug\masterrenderer.obj
c:\users\isaac lopes\documents\openglopinho\project1\debug\entityrenderer.obj
c:\users\isaac lopes\documents\openglopinho\project1\debug\terrainshader.obj
c:\users\isaac lopes\documents\openglopinho\project1\debug\terrain.obj
c:\users\isaac lopes\documents\openglopinho\project1\debug\terrainrenderer.obj
c:\users\isaac lopes\documents\openglopinho\project1\debug\terraintexturepack.obj
c:\users\isaac lopes\documents\openglopinho\project1\debug\pbrshader.obj
c:\users\isaac lopes\documents\openglopinho\project1\debug\guirenderer.obj
c:\users\isaac lopes\documents\openglopinho\project1\debug\guitexture.obj
c:\users\isaac lopes\documents\openglopinho\project1\debug\guishader.obj
c:\users\isaac lopes\documents\openglopinho\project1\debug\isaacrenderer.obj
c:\users\isaac lopes\documents\openglopinho\project1\debug\isaacshader.obj
c:\users\isaac lopes\documents\openglopinho\project1\debug\theoraplay.obj
c:\users\isaac lopes\documents\openglopinho\project1\debug\movie.obj
c:\users\isaac lopes\documents\openglopinho\project1\debug\light.obj
c:\users\isaac lopes\documents\openglopinho\project1\debug\directionallight.obj
c:\users\isaac lopes\documents\openglopinho\project1\debug\pointlight.obj
c:\users\isaac lopes\documents\openglopinho\project1\debug\spotlight.obj
c:\users\isaac lopes\documents\openglopinho\project1\debug\luz.obj
c:\users\isaac lopes\documents\openglopinho\project1\debug\animatedshader.obj
c:\users\isaac lopes\documents\openglopinho\project1\debug\mesh.obj
c:\users\isaac lopes\documents\openglopinho\project1\debug\entity.obj
c:\users\isaac lopes\documents\openglopinho\project1\debug\staticmesh.obj
c:\users\isaac lopes\source\repos\project1\debug\project1.exe
c:\users\isaac lopes\source\repos\project1\debug\project1.ilk
c:\users\isaac lopes\source\repos\project1\debug\project1.pdb
c:\users\isaac lopes\documents\openglopinho\debug\project1.exe
c:\users\isaac lopes\documents\openglopinho\debug\project1.ilk
c:\users\isaac lopes\documents\openglopinho\debug\project1.pdb
c:\users\isaac lopes\documents\openglopinho\project1\debug\texture.obj
c:\users\isaac lopes\documents\openglopinho\project1\debug\project1.tlog\cl.command.1.tlog
c:\users\isaac lopes\documents\openglopinho\project1\debug\project1.tlog\cl.read.1.tlog
c:\users\isaac lopes\documents\openglopinho\project1\debug\project1.tlog\cl.write.1.tlog
c:\users\isaac lopes\documents\openglopinho\project1\debug\project1.tlog\link.command.1.tlog
c:\users\isaac lopes\documents\openglopinho\project1\debug\project1.tlog\link.read.1.tlog
c:\users\isaac lopes\documents\openglopinho\project1\debug\project1.tlog\link.write.1.tlog
